2020-06-20	1592705644578	95	857	tv-show	view
2020-06-20	1592705644578	847	730	sport	view
2020-06-20	1592705644578	507	619	car	view
2020-06-20	1592705644578	373	637	technology	view
2020-06-20	1592705644578	32	30	international	view
2020-06-20	1592705644578	245	801	movie	view
2020-06-20	1592705644578	null	150	tv-show	view
2020-06-20	1592705644578	341	871	movie	view
2020-06-20	1592705644578	531	476	international	view
2020-06-20	1592705644578	331	434	carton	view
2020-06-20	1592705644578	null	627	sport	view
2020-06-20	1592705644578	876	518	tv-show	view
2020-06-20	1592705644578	null	475	car	view
2020-06-20	1592705644578	null	677	car	view
2020-06-20	1592705644578	697	453	international	view
2020-06-20	1592705644578	709	254	tv-show	view
2020-06-20	1592705644578	889	709	internet	view
2020-06-20	1592705644578	272	128	international	view
2020-06-20	1592705644578	500	595	country	view
2020-06-20	1592705644578	845	466	car	view
2020-06-20	1592705644578	206	120	tv-show	view
2020-06-20	1592705644578	93	309	carton	view
2020-06-20	1592705644578	981	983	country	view
2020-06-20	1592705644578	274	216	carton	view
2020-06-20	1592705644578	320	589	international	view
2020-06-20	1592705644578	31	566	movie	view
2020-06-20	1592705644578	831	849	technology	view
2020-06-20	1592705644578	637	585	movie	view
2020-06-20	1592705644578	807	804	movie	view
2020-06-20	1592705644578	986	443	international	view
2020-06-20	1592705644578	37	74	country	view
2020-06-20	1592705644578	985	423	technology	view
2020-06-20	1592705644578	623	327	technology	view
2020-06-20	1592705644578	270	572	car	view
2020-06-20	1592705644578	null	304	technology	view
2020-06-20	1592705644578	null	33	international	view
2020-06-20	1592705644578	720	634	carton	view
2020-06-20	1592705644578	567	331	movie	view
2020-06-20	1592705644578	927	984	carton	view
2020-06-20	1592705644578	759	654	internet	view
2020-06-20	1592705644578	857	423	tv-show	view
2020-06-20	1592705644578	952	444	car	view
2020-06-20	1592705644578	180	518	internet	view
2020-06-20	1592705644578	364	893	international	view
2020-06-20	1592705644578	422	817	movie	view
2020-06-20	1592705644578	165	135	technology	view
2020-06-20	1592705644578	null	768	carton	view
2020-06-20	1592705644578	526	83	movie	view
2020-06-20	1592705644578	225	77	international	view
2020-06-20	1592705644578	null	341	international	view
2020-06-20	1592705644578	682	77	car	view
2020-06-20	1592705644578	997	434	country	view
2020-06-20	1592705644578	150	578	carton	view
2020-06-20	1592705644578	null	427	technology	view
2020-06-20	1592705644578	513	304	entertainment	view
2020-06-20	1592705644578	181	900	carton	view
2020-06-20	1592705644578	953	837	car	view
2020-06-20	1592705644578	994	53	tv-show	view
2020-06-20	1592705644578	753	136	carton	view
2020-06-20	1592705644578	354	672	international	view
2020-06-20	1592705644578	472	839	car	view
2020-06-20	1592705644578	860	880	entertainment	view
2020-06-20	1592705644578	925	651	sport	view
2020-06-20	1592705644578	673	659	sport	view
2020-06-20	1592705644578	569	478	country	view
2020-06-20	1592705644578	850	104	car	view
2020-06-20	1592705644578	224	828	technology	view
2020-06-20	1592705644578	789	496	tv-show	view
2020-06-20	1592705644578	551	828	car	view
2020-06-20	1592705644578	984	7	car	view
2020-06-20	1592705644578	279	254	tv-show	view
2020-06-20	1592705644578	788	66	movie	view
2020-06-20	1592705644578	80	877	technology	view
2020-06-20	1592705644578	858	289	movie	view
2020-06-20	1592705644578	758	660	technology	view
2020-06-20	1592705644578	385	339	technology	view
2020-06-20	1592705644578	680	690	country	view
2020-06-20	1592705644578	null	309	sport	view
2020-06-20	1592705644578	619	835	technology	view
2020-06-20	1592705644578	833	545	country	view
2020-06-20	1592705644578	576	82	sport	view
2020-06-20	1592705644580	280	286	sport	view
2020-06-20	1592705644580	918	225	entertainment	view
2020-06-20	1592705644580	724	65	sport	view
2020-06-20	1592705644580	287	293	internet	view
2020-06-20	1592705644580	874	696	international	view
2020-06-20	1592705644580	431	389	internet	view
2020-06-20	1592705644580	901	925	car	view
2020-06-20	1592705644580	539	291	carton	view
2020-06-20	1592705644580	951	601	internet	view
2020-06-20	1592705644580	883	532	internet	view
2020-06-20	1592705644580	660	233	carton	view
2020-06-20	1592705644580	961	315	carton	view
2020-06-20	1592705644580	541	749	car	view
2020-06-20	1592705644580	960	897	country	view
2020-06-20	1592705644580	128	107	internet	view
2020-06-20	1592705644580	95	88	international	view
2020-06-20	1592705644580	970	592	technology	view
2020-06-20	1592705644580	null	262	internet	view
2020-06-20	1592705644580	143	239	entertainment	view
2020-06-20	1592705644580	674	30	movie	view
2020-06-20	1592705644580	null	964	internet	view
2020-06-20	1592705644580	106	13	technology	view
2020-06-20	1592705644580	291	638	technology	view
2020-06-20	1592705644580	null	135	entertainment	view
2020-06-20	1592705644580	723	922	technology	view
2020-06-20	1592705644580	null	878	car	view
2020-06-20	1592705644580	61	913	tv-show	view
2020-06-20	1592705644580	479	780	car	view
2020-06-20	1592705644580	731	483	movie	view
2020-06-20	1592705644580	209	874	tv-show	view
2020-06-20	1592705644580	610	103	sport	view
2020-06-20	1592705644580	789	472	movie	view
2020-06-20	1592705644580	823	905	technology	view
2020-06-20	1592705644580	198	640	country	view
2020-06-20	1592705644580	394	516	car	view
2020-06-20	1592705644580	145	703	internet	view
2020-06-20	1592705644580	413	124	movie	view
2020-06-20	1592705644580	772	251	car	view
2020-06-20	1592705644580	523	570	internet	view
2020-06-20	1592705644580	null	416	internet	view
2020-06-20	1592705644580	998	75	international	view
2020-06-20	1592705644580	816	903	international	view
2020-06-20	1592705644580	107	683	movie	view
2020-06-20	1592705644580	67	864	carton	view
2020-06-20	1592705644580	705	599	internet	view
2020-06-20	1592705644580	469	273	movie	view
2020-06-20	1592705644580	993	177	country	view
2020-06-20	1592705644580	null	161	technology	view
2020-06-20	1592705644580	null	595	internet	view
2020-06-20	1592705644580	919	11	country	view
2020-06-20	1592705644580	166	413	tv-show	view
2020-06-20	1592705644580	333	651	tv-show	view
2020-06-20	1592705644580	513	764	tv-show	view
2020-06-20	1592705644580	262	55	tv-show	view
2020-06-20	1592705644580	null	358	internet	view
2020-06-20	1592705644580	600	688	entertainment	view
2020-06-20	1592705644580	655	29	internet	view
2020-06-20	1592705644580	916	46	car	view
2020-06-20	1592705644580	980	506	technology	view
2020-06-20	1592705644580	959	292	movie	view
2020-06-20	1592705644580	784	424	movie	view
2020-06-20	1592705644580	715	414	tv-show	view
2020-06-20	1592705644580	null	779	carton	view
2020-06-20	1592705644580	511	45	entertainment	view
2020-06-20	1592705644580	738	548	carton	view
2020-06-20	1592705644580	165	137	technology	view
2020-06-20	1592705644580	939	919	movie	view
2020-06-20	1592705644580	111	513	car	view
2020-06-20	1592705644580	583	41	car	view
2020-06-20	1592705644580	null	386	international	view
2020-06-20	1592705644580	606	192	carton	view
2020-06-20	1592705644580	866	616	internet	view
2020-06-20	1592705644580	209	63	car	view
2020-06-20	1592705644580	886	204	international	view
2020-06-20	1592705644580	245	193	car	view
2020-06-20	1592705644580	171	379	movie	view
2020-06-20	1592705644580	103	866	international	view
2020-06-20	1592705644580	720	244	internet	view
2020-06-20	1592705644580	660	340	international	view
2020-06-20	1592705644580	242	305	carton	view
2020-06-20	1592705644580	84	489	carton	view
2020-06-20	1592705644580	293	508	carton	view
2020-06-20	1592705644580	83	396	technology	view
2020-06-20	1592705644580	769	530	technology	view
2020-06-20	1592705644580	268	132	movie	view
2020-06-20	1592705644580	336	530	sport	view
2020-06-20	1592705644580	86	465	carton	view
2020-06-20	1592705644580	388	343	movie	view
2020-06-20	1592705644580	25	452	entertainment	view
2020-06-20	1592705644580	187	577	carton	view
2020-06-20	1592705644580	823	731	internet	view
2020-06-20	1592705644580	516	368	international	view
2020-06-20	1592705644580	205	698	movie	view
2020-06-20	1592705644580	1	193	car	view
2020-06-20	1592705644580	313	242	sport	view
2020-06-20	1592705644580	885	869	technology	view
2020-06-20	1592705644580	null	971	international	view
2020-06-20	1592705644580	254	309	car	view
2020-06-20	1592705644580	null	793	country	view
2020-06-20	1592705644580	66	796	international	view
2020-06-20	1592705644580	546	770	carton	view
2020-06-20	1592705644580	11	307	entertainment	view
2020-06-20	1592705644580	384	108	country	view
2020-06-20	1592705644580	630	90	car	view
2020-06-20	1592705644580	739	564	sport	view
2020-06-20	1592705644580	964	73	carton	view
2020-06-20	1592705644580	null	690	car	view
2020-06-20	1592705644580	670	152	internet	view
2020-06-20	1592705644580	623	236	car	view
2020-06-20	1592705644580	335	519	carton	view
2020-06-20	1592705644580	100	51	internet	view
2020-06-20	1592705644580	976	664	international	view
2020-06-20	1592705644580	null	501	technology	view
2020-06-20	1592705644580	71	678	entertainment	view
2020-06-20	1592705644580	925	173	technology	view
2020-06-20	1592705644580	498	499	international	view
2020-06-20	1592705644580	388	442	carton	view
2020-06-20	1592705644580	964	334	tv-show	view
2020-06-20	1592705644580	682	386	movie	view
2020-06-20	1592705644580	null	556	tv-show	view
2020-06-20	1592705644580	365	666	sport	view
2020-06-20	1592705644580	347	857	country	view
2020-06-20	1592705644580	465	579	country	view
2020-06-20	1592705644580	903	592	sport	view
2020-06-20	1592705644580	372	115	car	view
2020-06-20	1592705644580	307	570	internet	view
2020-06-20	1592705644580	114	19	international	view
2020-06-20	1592705644580	847	576	sport	view
2020-06-20	1592705644580	627	199	sport	view
2020-06-20	1592705644580	888	153	internet	view
2020-06-20	1592705644580	495	829	carton	view
2020-06-20	1592705644580	745	992	tv-show	view
2020-06-20	1592705644580	696	882	sport	view
2020-06-20	1592705644580	862	736	internet	view
2020-06-20	1592705644580	467	522	sport	view
2020-06-20	1592705644580	124	961	internet	view
2020-06-20	1592705644580	174	55	country	view
2020-06-20	1592705644580	467	186	international	view
2020-06-20	1592705644580	null	739	movie	view
2020-06-20	1592705644580	98	899	country	view
2020-06-20	1592705644580	345	555	entertainment	view
2020-06-20	1592705644580	124	473	internet	view
2020-06-20	1592705644580	243	868	technology	view
2020-06-20	1592705644580	601	763	sport	view
2020-06-20	1592705644580	276	131	internet	view
2020-06-20	1592705644580	267	535	carton	view
2020-06-20	1592705644580	132	170	internet	view
2020-06-20	1592705644580	217	256	car	view
2020-06-20	1592705644580	null	390	tv-show	view
2020-06-20	1592705644581	14	266	carton	view
2020-06-20	1592705644581	348	960	country	view
2020-06-20	1592705644581	701	657	car	view
2020-06-20	1592705644581	512	863	sport	view
2020-06-20	1592705644581	114	672	sport	view
2020-06-20	1592705644581	437	805	car	view
2020-06-20	1592705644581	383	734	tv-show	view
2020-06-20	1592705644581	671	949	entertainment	view
2020-06-20	1592705644581	498	483	tv-show	view
2020-06-20	1592705644581	35	658	movie	view
2020-06-20	1592705644581	674	569	entertainment	view
2020-06-20	1592705644581	875	157	tv-show	view
2020-06-20	1592705644581	583	554	international	view
2020-06-20	1592705644581	752	190	technology	view
2020-06-20	1592705644581	485	614	technology	view
2020-06-20	1592705644581	117	872	international	view
2020-06-20	1592705644581	849	636	international	view
2020-06-20	1592705644581	null	706	international	view
2020-06-20	1592705644581	178	698	car	view
2020-06-20	1592705644581	472	70	internet	view
2020-06-20	1592705644581	323	161	tv-show	view
2020-06-20	1592705644581	900	644	technology	view
2020-06-20	1592705644581	996	600	movie	view
2020-06-20	1592705644581	null	184	tv-show	view
2020-06-20	1592705644581	725	99	movie	view
2020-06-20	1592705644581	558	121	entertainment	view
2020-06-20	1592705644581	550	939	country	view
2020-06-20	1592705644581	768	611	country	view
2020-06-20	1592705644581	854	534	technology	view
2020-06-20	1592705644581	710	41	car	view
2020-06-20	1592705644581	399	217	country	view
2020-06-20	1592705644581	null	713	entertainment	view
2020-06-20	1592705644581	820	178	internet	view
2020-06-20	1592705644581	457	981	entertainment	view
2020-06-20	1592705644581	876	710	international	view
2020-06-20	1592705644581	466	736	internet	view
2020-06-20	1592705644581	536	575	technology	view
2020-06-20	1592705644581	null	480	car	view
2020-06-20	1592705644581	480	551	country	view
2020-06-20	1592705644581	201	370	carton	view
2020-06-20	1592705644581	55	741	technology	view
2020-06-20	1592705644581	630	727	carton	view
2020-06-20	1592705644581	379	518	tv-show	view
2020-06-20	1592705644581	609	170	technology	view
2020-06-20	1592705644581	2	689	carton	view
2020-06-20	1592705644581	922	326	tv-show	view
2020-06-20	1592705644581	112	263	country	view
2020-06-20	1592705644581	598	650	sport	view
2020-06-20	1592705644581	639	970	tv-show	view
2020-06-20	1592705644581	null	32	internet	view
2020-06-20	1592705644581	402	23	country	view
2020-06-20	1592705644581	760	696	car	view
2020-06-20	1592705644581	446	183	country	view
2020-06-20	1592705644581	798	943	country	view
2020-06-20	1592705644581	453	369	country	view
2020-06-20	1592705644581	848	672	internet	view
2020-06-20	1592705644581	721	465	internet	view
2020-06-20	1592705644581	510	201	tv-show	view
2020-06-20	1592705644581	294	726	technology	view
2020-06-20	1592705644581	249	903	internet	view
2020-06-20	1592705644581	555	112	movie	view
2020-06-20	1592705644581	988	581	movie	view
2020-06-20	1592705644581	679	103	entertainment	view
2020-06-20	1592705644581	693	829	carton	view
2020-06-20	1592705644581	861	602	car	view
2020-06-20	1592705644581	867	484	technology	view
2020-06-20	1592705644581	778	917	entertainment	view
2020-06-20	1592705644581	671	962	technology	view
2020-06-20	1592705644581	916	233	car	view
2020-06-20	1592705644581	13	7	internet	view
2020-06-20	1592705644581	986	23	car	view
2020-06-20	1592705644581	713	903	car	view
2020-06-20	1592705644581	632	509	carton	view
2020-06-20	1592705644581	380	622	sport	view
2020-06-20	1592705644581	577	775	entertainment	view
2020-06-20	1592705644581	311	5	internet	view
2020-06-20	1592705644581	973	814	internet	view
2020-06-20	1592705644581	132	618	international	view
2020-06-20	1592705644581	955	316	technology	view
2020-06-20	1592705644581	242	499	movie	view
2020-06-20	1592705644581	821	486	car	view
2020-06-20	1592705644581	407	92	car	view
2020-06-20	1592705644581	216	840	car	view
2020-06-20	1592705644581	69	19	tv-show	view
2020-06-20	1592705644581	491	532	movie	view
2020-06-20	1592705644581	775	58	tv-show	view
2020-06-20	1592705644581	741	67	technology	view
2020-06-20	1592705644581	83	149	international	view
2020-06-20	1592705644581	null	800	international	view
2020-06-20	1592705644581	594	127	entertainment	view
2020-06-20	1592705644581	929	210	carton	view
2020-06-20	1592705644581	659	53	carton	view
2020-06-20	1592705644581	396	225	movie	view
2020-06-20	1592705644581	885	281	technology	view
2020-06-20	1592705644581	653	428	tv-show	view
2020-06-20	1592705644581	762	375	internet	view
2020-06-20	1592705644581	501	534	internet	view
2020-06-20	1592705644581	null	92	carton	view
2020-06-20	1592705644581	464	145	internet	view
2020-06-20	1592705644581	381	95	international	view
2020-06-20	1592705644581	667	900	entertainment	view
2020-06-20	1592705644581	737	762	entertainment	view
2020-06-20	1592705644581	278	416	technology	view
2020-06-20	1592705644581	162	830	entertainment	view
2020-06-20	1592705644581	56	918	movie	view
2020-06-20	1592705644581	204	541	car	view
2020-06-20	1592705644581	950	152	technology	view
2020-06-20	1592705644581	299	996	carton	view
2020-06-20	1592705644581	213	541	sport	view
2020-06-20	1592705644581	943	568	carton	view
2020-06-20	1592705644581	598	469	international	view
2020-06-20	1592705644581	127	172	country	view
2020-06-20	1592705644581	505	209	carton	view
2020-06-20	1592705644581	447	57	car	view
2020-06-20	1592705644581	517	852	entertainment	view
2020-06-20	1592705644581	619	885	country	view
2020-06-20	1592705644581	171	884	entertainment	view
2020-06-20	1592705644581	651	164	entertainment	view
2020-06-20	1592705644581	424	400	sport	view
2020-06-20	1592705644581	271	545	movie	view
2020-06-20	1592705644581	273	435	country	view
2020-06-20	1592705644581	234	950	country	view
2020-06-20	1592705644581	750	327	international	view
2020-06-20	1592705644581	313	566	tv-show	view
2020-06-20	1592705644581	889	219	carton	view
2020-06-20	1592705644581	null	691	tv-show	view
2020-06-20	1592705644581	null	174	sport	view
2020-06-20	1592705644581	423	282	carton	view
2020-06-20	1592705644581	608	481	tv-show	view
2020-06-20	1592705644581	261	768	technology	view
2020-06-20	1592705644581	298	564	tv-show	view
2020-06-20	1592705644581	644	640	technology	view
2020-06-20	1592705644581	733	417	car	view
2020-06-20	1592705644581	401	819	car	view
2020-06-20	1592705644581	708	655	car	view
2020-06-20	1592705644581	750	340	technology	view
2020-06-20	1592705644581	756	657	tv-show	view
2020-06-20	1592705644581	null	899	international	view
2020-06-20	1592705644581	700	315	technology	view
2020-06-20	1592705644581	591	479	sport	view
2020-06-20	1592705644581	819	637	country	view
2020-06-20	1592705644581	300	822	carton	view
2020-06-20	1592705644581	249	603	movie	view
2020-06-20	1592705644581	678	881	car	view
2020-06-20	1592705644581	63	932	technology	view
2020-06-20	1592705644581	660	668	internet	view
2020-06-20	1592705644581	87	941	sport	view
2020-06-20	1592705644581	10	89	internet	view
2020-06-20	1592705644581	862	306	movie	view
2020-06-20	1592705644581	823	343	carton	view
2020-06-20	1592705644581	403	565	sport	view
2020-06-20	1592705644581	null	529	carton	view
2020-06-20	1592705644581	614	62	international	view
2020-06-20	1592705644582	717	234	country	view
2020-06-20	1592705644582	543	553	movie	view
2020-06-20	1592705644582	null	523	country	view
2020-06-20	1592705644582	951	825	sport	view
2020-06-20	1592705644582	99	667	movie	view
2020-06-20	1592705644582	375	211	entertainment	view
2020-06-20	1592705644582	null	13	international	view
2020-06-20	1592705644582	97	65	international	view
2020-06-20	1592705644582	287	301	car	view
2020-06-20	1592705644582	283	201	internet	view
2020-06-20	1592705644582	596	303	tv-show	view
2020-06-20	1592705644582	827	29	entertainment	view
2020-06-20	1592705644582	null	335	technology	view
2020-06-20	1592705644582	315	286	movie	view
2020-06-20	1592705644582	432	538	technology	view
2020-06-20	1592705644582	17	557	carton	view
2020-06-20	1592705644582	192	387	international	view
2020-06-20	1592705644582	756	331	entertainment	view
2020-06-20	1592705644582	621	969	technology	view
2020-06-20	1592705644582	294	803	movie	view
2020-06-20	1592705644582	227	894	car	view
2020-06-20	1592705644582	564	476	tv-show	view
2020-06-20	1592705644582	906	676	movie	view
2020-06-20	1592705644582	647	263	carton	view
2020-06-20	1592705644582	506	794	internet	view
2020-06-20	1592705644582	79	437	country	view
2020-06-20	1592705644582	349	686	technology	view
2020-06-20	1592705644582	937	795	internet	view
2020-06-20	1592705644582	null	849	country	view
2020-06-20	1592705644582	969	138	carton	view
2020-06-20	1592705644582	153	490	country	view
2020-06-20	1592705644582	91	490	entertainment	view
2020-06-20	1592705644582	871	827	entertainment	view
2020-06-20	1592705644582	707	970	international	view
2020-06-20	1592705644582	null	862	country	view
2020-06-20	1592705644582	583	450	international	view
2020-06-20	1592705644582	378	467	movie	view
2020-06-20	1592705644582	282	648	internet	view
2020-06-20	1592705644582	307	901	sport	view
2020-06-20	1592705644582	null	9	tv-show	view
2020-06-20	1592705644582	738	854	movie	view
2020-06-20	1592705644582	709	830	sport	view
2020-06-20	1592705644582	256	775	country	view
2020-06-20	1592705644582	300	807	car	view
2020-06-20	1592705644582	816	45	tv-show	view
2020-06-20	1592705644582	54	962	movie	view
2020-06-20	1592705644582	569	528	country	view
2020-06-20	1592705644582	718	288	technology	view
2020-06-20	1592705644582	219	322	entertainment	view
2020-06-20	1592705644582	664	685	carton	view
2020-06-20	1592705644582	673	542	internet	view
2020-06-20	1592705644582	965	565	tv-show	view
2020-06-20	1592705644582	182	596	car	view
2020-06-20	1592705644582	917	249	sport	view
2020-06-20	1592705644582	825	706	tv-show	view
2020-06-20	1592705644582	null	420	sport	view
2020-06-20	1592705644582	752	402	internet	view
2020-06-20	1592705644582	310	615	car	view
2020-06-20	1592705644582	755	260	movie	view
2020-06-20	1592705644582	620	318	technology	view
2020-06-20	1592705644582	881	659	sport	view
2020-06-20	1592705644582	379	473	internet	view
2020-06-20	1592705644582	303	149	sport	view
2020-06-20	1592705644582	474	485	movie	view
2020-06-20	1592705644582	804	723	sport	view
2020-06-20	1592705644582	73	558	tv-show	view
2020-06-20	1592705644582	null	106	sport	view
2020-06-20	1592705644582	null	944	carton	view
2020-06-20	1592705644582	215	515	technology	view
2020-06-20	1592705644582	835	512	technology	view
2020-06-20	1592705644582	486	327	country	view
2020-06-20	1592705644582	691	442	country	view
2020-06-20	1592705644582	889	484	international	view
2020-06-20	1592705644582	486	423	car	view
2020-06-20	1592705644582	924	208	country	view
2020-06-20	1592705644582	null	626	tv-show	view
2020-06-20	1592705644582	803	163	tv-show	view
2020-06-20	1592705644582	356	243	internet	view
2020-06-20	1592705644582	28	789	country	view
2020-06-20	1592705644582	515	641	country	view
2020-06-20	1592705644582	880	843	sport	view
2020-06-20	1592705644582	400	840	movie	view
2020-06-20	1592705644582	404	826	sport	view
2020-06-20	1592705644582	933	282	entertainment	view
2020-06-20	1592705644582	null	463	movie	view
2020-06-20	1592705644582	133	423	sport	view
2020-06-20	1592705644582	77	162	technology	view
2020-06-20	1592705644582	null	508	movie	view
2020-06-20	1592705644582	681	126	internet	view
2020-06-20	1592705644582	308	34	tv-show	view
2020-06-20	1592705644582	478	722	country	view
2020-06-20	1592705644582	686	656	movie	view
2020-06-20	1592705644582	286	843	movie	view
2020-06-20	1592705644582	708	569	internet	view
2020-06-20	1592705644582	927	687	entertainment	view
2020-06-20	1592705644582	897	35	sport	view
2020-06-20	1592705644582	152	634	carton	view
2020-06-20	1592705644582	56	790	tv-show	view
2020-06-20	1592705644582	649	63	carton	view
2020-06-20	1592705644582	192	299	movie	view
2020-06-20	1592705644582	884	784	car	view
2020-06-20	1592705644582	543	869	sport	view
2020-06-20	1592705644582	264	529	car	view
2020-06-20	1592705644582	497	27	sport	view
2020-06-20	1592705644582	170	784	internet	view
2020-06-20	1592705644582	41	611	movie	view
2020-06-20	1592705644582	459	503	country	view
2020-06-20	1592705644582	68	312	tv-show	view
2020-06-20	1592705644582	695	232	country	view
2020-06-20	1592705644582	842	725	sport	view
2020-06-20	1592705644582	890	855	entertainment	view
2020-06-20	1592705644582	302	624	technology	view
2020-06-20	1592705644582	58	452	entertainment	view
2020-06-20	1592705644582	35	103	international	view
2020-06-20	1592705644582	633	894	tv-show	view
2020-06-20	1592705644582	982	837	sport	view
2020-06-20	1592705644582	338	104	tv-show	view
2020-06-20	1592705644582	841	341	carton	view
2020-06-20	1592705644582	273	415	car	view
2020-06-20	1592705644582	755	885	internet	view
2020-06-20	1592705644582	357	185	country	view
2020-06-20	1592705644582	402	853	technology	view
2020-06-20	1592705644582	455	615	sport	view
2020-06-20	1592705644582	819	493	car	view
2020-06-20	1592705644582	538	795	movie	view
2020-06-20	1592705644582	238	810	country	view
2020-06-20	1592705644582	851	698	internet	view
2020-06-20	1592705644582	980	16	car	view
2020-06-20	1592705644582	47	315	technology	view
2020-06-20	1592705644582	698	928	international	view
2020-06-20	1592705644582	153	278	technology	view
2020-06-20	1592705644582	574	588	movie	view
2020-06-20	1592705644582	null	355	internet	view
2020-06-20	1592705644582	590	142	sport	view
2020-06-20	1592705644582	233	585	carton	view
2020-06-20	1592705644582	null	748	tv-show	view
2020-06-20	1592705644582	749	752	tv-show	view
2020-06-20	1592705644582	686	615	internet	view
2020-06-20	1592705644582	null	274	country	view
2020-06-20	1592705644582	672	493	internet	view
2020-06-20	1592705644582	390	52	car	view
2020-06-20	1592705644582	44	36	tv-show	view
2020-06-20	1592705644582	902	951	car	view
2020-06-20	1592705644582	151	988	sport	view
2020-06-20	1592705644582	413	410	car	view
2020-06-20	1592705644582	89	336	movie	view
2020-06-20	1592705644582	706	636	carton	view
2020-06-20	1592705644582	289	495	tv-show	view
2020-06-20	1592705644582	543	674	technology	view
2020-06-20	1592705644582	202	47	country	view
2020-06-20	1592705644582	454	949	entertainment	view
2020-06-20	1592705644582	273	417	car	view
2020-06-20	1592705644582	119	342	car	view
2020-06-20	1592705644582	412	834	international	view
2020-06-20	1592705644582	544	172	country	view
2020-06-20	1592705644582	852	309	sport	view
2020-06-20	1592705644582	211	410	sport	view
2020-06-20	1592705644582	971	131	international	view
2020-06-20	1592705644582	851	35	sport	view
2020-06-20	1592705644582	646	141	international	view
2020-06-20	1592705644582	782	511	country	view
2020-06-20	1592705644582	940	926	carton	view
2020-06-20	1592705644582	164	638	internet	view
2020-06-20	1592705644582	189	899	country	view
2020-06-20	1592705644582	349	153	car	view
2020-06-20	1592705644582	276	452	international	view
2020-06-20	1592705644582	631	165	tv-show	view
2020-06-20	1592705644582	493	586	car	view
2020-06-20	1592705644582	614	681	country	view
2020-06-20	1592705644582	295	128	car	view
2020-06-20	1592705644582	185	636	tv-show	view
2020-06-20	1592705644582	346	725	carton	view
2020-06-20	1592705644582	null	131	tv-show	view
2020-06-20	1592705644582	484	184	sport	view
2020-06-20	1592705644582	811	743	internet	view
2020-06-20	1592705644582	581	704	international	view
2020-06-20	1592705644582	586	539	carton	view
2020-06-20	1592705644582	86	742	movie	view
2020-06-20	1592705644582	181	149	movie	view
2020-06-20	1592705644582	64	980	sport	view
2020-06-20	1592705644582	911	313	international	view
2020-06-20	1592705644582	null	637	country	view
2020-06-20	1592705644582	884	835	internet	view
2020-06-20	1592705644582	713	538	entertainment	view
2020-06-20	1592705644582	741	825	technology	view
2020-06-20	1592705644582	254	70	carton	view
2020-06-20	1592705644582	621	213	international	view
2020-06-20	1592705644582	755	275	technology	view
2020-06-20	1592705644582	992	453	car	view
2020-06-20	1592705644582	842	826	tv-show	view
2020-06-20	1592705644582	null	618	technology	view
2020-06-20	1592705644582	null	182	technology	view
2020-06-20	1592705644582	251	901	movie	view
2020-06-20	1592705644582	380	296	car	view
2020-06-20	1592705644582	254	691	country	view
2020-06-20	1592705644582	743	121	tv-show	view
2020-06-20	1592705644582	629	441	country	view
2020-06-20	1592705644582	304	188	international	view
2020-06-20	1592705644582	35	441	entertainment	view
2020-06-20	1592705644582	657	821	carton	view
2020-06-20	1592705644582	772	786	international	view
2020-06-20	1592705644582	424	19	tv-show	view
2020-06-20	1592705644582	782	729	tv-show	view
2020-06-20	1592705644582	965	877	carton	view
2020-06-20	1592705644582	275	891	technology	view
2020-06-20	1592705644582	410	455	car	view
2020-06-20	1592705644582	477	38	carton	view
2020-06-20	1592705644582	177	172	technology	view
2020-06-20	1592705644582	745	157	sport	view
2020-06-20	1592705644582	729	714	carton	view
2020-06-20	1592705644582	null	516	car	view
2020-06-20	1592705644582	773	209	entertainment	view
2020-06-20	1592705644582	418	920	movie	view
2020-06-20	1592705644582	220	51	country	view
2020-06-20	1592705644582	182	303	international	view
2020-06-20	1592705644582	384	378	movie	view
2020-06-20	1592705644582	14	310	movie	view
2020-06-20	1592705644582	147	11	internet	view
2020-06-20	1592705644582	643	372	car	view
2020-06-20	1592705644582	106	735	sport	view
2020-06-20	1592705644582	740	248	carton	view
2020-06-20	1592705644582	106	87	country	view
2020-06-20	1592705644582	661	197	sport	view
2020-06-20	1592705644582	35	438	car	view
2020-06-20	1592705644582	427	552	technology	view
2020-06-20	1592705644582	582	563	carton	view
2020-06-20	1592705644582	972	336	tv-show	view
2020-06-20	1592705644582	32	283	car	view
2020-06-20	1592705644582	474	325	car	view
2020-06-20	1592705644582	703	466	country	view
2020-06-20	1592705644582	894	786	country	view
2020-06-20	1592705644582	889	923	movie	view
2020-06-20	1592705644582	702	915	carton	view
2020-06-20	1592705644582	522	699	carton	view
2020-06-20	1592705644582	null	25	entertainment	view
2020-06-20	1592705644582	590	404	tv-show	view
2020-06-20	1592705644582	990	967	internet	view
2020-06-20	1592705644582	null	91	entertainment	view
2020-06-20	1592705644582	138	698	car	view
2020-06-20	1592705644582	774	529	entertainment	view
2020-06-20	1592705644582	488	361	carton	view
2020-06-20	1592705644582	null	820	tv-show	view
2020-06-20	1592705644582	272	812	car	view
2020-06-20	1592705644582	619	30	sport	view
2020-06-20	1592705644582	950	304	carton	view
2020-06-20	1592705644582	null	733	entertainment	view
2020-06-20	1592705644582	866	406	international	view
2020-06-20	1592705644582	null	673	car	view
2020-06-20	1592705644582	459	695	country	view
2020-06-20	1592705644582	446	45	internet	view
2020-06-20	1592705644582	186	552	country	view
2020-06-20	1592705644582	203	977	internet	view
2020-06-20	1592705644582	null	602	sport	view
2020-06-20	1592705644582	129	993	internet	view
2020-06-20	1592705644582	37	24	carton	view
2020-06-20	1592705644582	802	109	tv-show	view
2020-06-20	1592705644582	939	751	car	view
2020-06-20	1592705644582	310	779	internet	view
2020-06-20	1592705644582	651	743	sport	view
2020-06-20	1592705644582	660	332	movie	view
2020-06-20	1592705644582	833	986	entertainment	view
2020-06-20	1592705644582	531	995	internet	view
2020-06-20	1592705644582	706	9	technology	view
2020-06-20	1592705644582	6	443	international	view
2020-06-20	1592705644582	null	590	tv-show	view
2020-06-20	1592705644582	110	745	entertainment	view
2020-06-20	1592705644582	235	879	international	view
2020-06-20	1592705644582	182	74	international	view
2020-06-20	1592705644582	16	702	internet	view
2020-06-20	1592705644582	494	715	movie	view
2020-06-20	1592705644582	665	195	country	view
2020-06-20	1592705644582	null	568	sport	view
2020-06-20	1592705644582	871	161	international	view
2020-06-20	1592705644582	884	510	car	view
2020-06-20	1592705644582	405	812	car	view
2020-06-20	1592705644582	600	967	international	view
2020-06-20	1592705644582	690	842	entertainment	view
2020-06-20	1592705644582	822	675	car	view
2020-06-20	1592705644582	895	602	car	view
2020-06-20	1592705644582	null	20	technology	view
2020-06-20	1592705644582	503	783	carton	view
2020-06-20	1592705644582	517	521	entertainment	view
2020-06-20	1592705644582	null	428	sport	view
2020-06-20	1592705644582	757	527	internet	view
2020-06-20	1592705644582	928	521	car	view
2020-06-20	1592705644582	63	140	tv-show	view
2020-06-20	1592705644582	978	735	technology	view
2020-06-20	1592705644582	224	887	technology	view
2020-06-20	1592705644582	839	972	tv-show	view
2020-06-20	1592705644582	344	892	international	view
2020-06-20	1592705644582	388	877	tv-show	view
2020-06-20	1592705644582	911	972	country	view
2020-06-20	1592705644582	128	851	internet	view
2020-06-20	1592705644582	529	430	country	view
2020-06-20	1592705644582	522	646	carton	view
2020-06-20	1592705644582	684	183	technology	view
2020-06-20	1592705644582	412	604	tv-show	view
2020-06-20	1592705644582	519	235	entertainment	view
2020-06-20	1592705644582	548	402	tv-show	view
2020-06-20	1592705644582	115	280	car	view
2020-06-20	1592705644582	824	137	international	view
2020-06-20	1592705644582	627	497	internet	view
2020-06-20	1592705644582	399	322	internet	view
2020-06-20	1592705644582	93	945	international	view
2020-06-20	1592705644582	null	812	tv-show	view
2020-06-20	1592705644582	111	559	country	view
2020-06-20	1592705644582	42	948	country	view
2020-06-20	1592705644582	519	188	carton	view
2020-06-20	1592705644582	79	580	movie	view
2020-06-20	1592705644582	929	759	international	view
2020-06-20	1592705644582	528	630	entertainment	view
2020-06-20	1592705644582	751	541	carton	view
2020-06-20	1592705644582	821	794	country	view
2020-06-20	1592705644582	884	861	entertainment	view
2020-06-20	1592705644582	771	559	sport	view
2020-06-20	1592705644582	19	648	entertainment	view
2020-06-20	1592705644582	926	377	sport	view
2020-06-20	1592705644582	923	306	sport	view
2020-06-20	1592705644582	62	82	movie	view
2020-06-20	1592705644582	517	169	tv-show	view
2020-06-20	1592705644582	798	955	international	view
2020-06-20	1592705644582	92	435	country	view
2020-06-20	1592705644582	null	544	car	view
2020-06-20	1592705644582	450	307	country	view
2020-06-20	1592705644582	119	553	sport	view
2020-06-20	1592705644582	72	834	carton	view
2020-06-20	1592705644582	245	811	technology	view
2020-06-20	1592705644582	833	633	entertainment	view
2020-06-20	1592705644582	774	621	country	view
2020-06-20	1592705644582	240	323	country	view
2020-06-20	1592705644582	707	957	sport	view
2020-06-20	1592705644582	481	996	entertainment	view
2020-06-20	1592705644582	284	366	movie	view
2020-06-20	1592705644582	532	571	movie	view
2020-06-20	1592705644582	null	830	technology	view
2020-06-20	1592705644582	847	458	movie	view
2020-06-20	1592705644582	634	775	movie	view
2020-06-20	1592705644582	929	389	movie	view
2020-06-20	1592705644582	819	446	movie	view
2020-06-20	1592705644582	448	681	tv-show	view
2020-06-20	1592705644582	400	117	sport	view
2020-06-20	1592705644582	261	895	technology	view
2020-06-20	1592705644582	937	144	country	view
2020-06-20	1592705644582	185	599	technology	view
2020-06-20	1592705644582	321	382	tv-show	view
2020-06-20	1592705644582	226	938	technology	view
2020-06-20	1592705644582	502	236	entertainment	view
2020-06-20	1592705644582	572	336	country	view
2020-06-20	1592705644582	743	103	tv-show	view
2020-06-20	1592705644582	585	317	international	view
2020-06-20	1592705644582	709	128	internet	view
2020-06-20	1592705644582	185	947	technology	view
2020-06-20	1592705644582	762	767	internet	view
2020-06-20	1592705644582	138	429	car	view
2020-06-20	1592705644582	236	274	internet	view
2020-06-20	1592705644582	null	48	technology	view
2020-06-20	1592705644582	803	250	internet	view
2020-06-20	1592705644582	235	717	car	view
2020-06-20	1592705644582	358	333	international	view
2020-06-20	1592705644582	827	946	international	view
2020-06-20	1592705644582	468	904	movie	view
2020-06-20	1592705644582	733	27	country	view
2020-06-20	1592705644582	444	584	car	view
2020-06-20	1592705644582	999	111	internet	view
2020-06-20	1592705644582	350	197	internet	view
2020-06-20	1592705644582	550	910	internet	view
2020-06-20	1592705644582	799	95	carton	view
2020-06-20	1592705644582	451	768	technology	view
2020-06-20	1592705644582	484	920	carton	view
2020-06-20	1592705644582	432	420	carton	view
2020-06-20	1592705644582	419	488	carton	view
2020-06-20	1592705644582	490	342	entertainment	view
2020-06-20	1592705644582	175	379	country	view
2020-06-20	1592705644582	14	590	technology	view
2020-06-20	1592705644582	395	93	internet	view
2020-06-20	1592705644582	325	56	tv-show	view
2020-06-20	1592705644582	null	531	movie	view
2020-06-20	1592705644582	351	594	movie	view
2020-06-20	1592705644582	null	230	tv-show	view
2020-06-20	1592705644582	126	571	country	view
2020-06-20	1592705644582	752	309	country	view
2020-06-20	1592705644582	374	919	country	view
2020-06-20	1592705644582	181	392	car	view
2020-06-20	1592705644582	698	859	internet	view
2020-06-20	1592705644582	17	694	tv-show	view
2020-06-20	1592705644582	432	767	carton	view
2020-06-20	1592705644582	253	459	technology	view
2020-06-20	1592705644582	632	312	car	view
2020-06-20	1592705644582	null	910	sport	view
2020-06-20	1592705644582	884	636	entertainment	view
2020-06-20	1592705644582	561	700	technology	view
2020-06-20	1592705644582	319	119	internet	view
2020-06-20	1592705644582	331	887	internet	view
2020-06-20	1592705644582	null	180	country	view
2020-06-20	1592705644582	744	514	country	view
2020-06-20	1592705644582	728	230	car	view
2020-06-20	1592705644582	326	389	country	view
2020-06-20	1592705644582	510	270	tv-show	view
2020-06-20	1592705644582	null	567	entertainment	view
2020-06-20	1592705644582	440	903	movie	view
2020-06-20	1592705644582	486	731	movie	view
2020-06-20	1592705644582	105	73	technology	view
2020-06-20	1592705644582	null	802	tv-show	view
2020-06-20	1592705644582	373	494	carton	view
2020-06-20	1592705644582	434	663	internet	view
2020-06-20	1592705644582	null	368	car	view
2020-06-20	1592705644582	null	348	international	view
2020-06-20	1592705644582	937	61	internet	view
2020-06-20	1592705644582	326	413	international	view
2020-06-20	1592705644582	715	987	sport	view
2020-06-20	1592705644582	72	64	sport	view
2020-06-20	1592705644582	767	727	tv-show	view
2020-06-20	1592705644583	395	546	country	view
2020-06-20	1592705644583	266	359	technology	view
2020-06-20	1592705644583	273	297	carton	view
2020-06-20	1592705644583	946	443	technology	view
2020-06-20	1592705644583	660	183	country	view
2020-06-20	1592705644583	288	573	entertainment	view
2020-06-20	1592705644583	747	15	movie	view
2020-06-20	1592705644583	780	873	car	view
2020-06-20	1592705644583	980	838	entertainment	view
2020-06-20	1592705644583	525	61	sport	view
2020-06-20	1592705644583	889	970	tv-show	view
2020-06-20	1592705644583	608	361	country	view
2020-06-20	1592705644583	165	622	movie	view
2020-06-20	1592705644583	422	440	tv-show	view
2020-06-20	1592705644583	270	52	country	view
2020-06-20	1592705644583	488	605	internet	view
2020-06-20	1592705644583	890	472	technology	view
2020-06-20	1592705644583	52	358	technology	view
2020-06-20	1592705644583	427	307	carton	view
2020-06-20	1592705644583	903	532	internet	view
2020-06-20	1592705644583	997	630	technology	view
2020-06-20	1592705644583	null	458	internet	view
2020-06-20	1592705644583	39	429	tv-show	view
2020-06-20	1592705644583	788	486	entertainment	view
2020-06-20	1592705644583	70	409	tv-show	view
2020-06-20	1592705644583	36	538	international	view
2020-06-20	1592705644583	190	212	tv-show	view
2020-06-20	1592705644583	972	986	international	view
2020-06-20	1592705644583	500	448	sport	view
2020-06-20	1592705644583	731	335	sport	view
2020-06-20	1592705644583	987	91	sport	view
2020-06-20	1592705644583	170	395	internet	view
2020-06-20	1592705644583	667	789	movie	view
2020-06-20	1592705644583	46	179	technology	view
2020-06-20	1592705644583	42	630	international	view
2020-06-20	1592705644583	387	413	technology	view
2020-06-20	1592705644583	62	778	carton	view
2020-06-20	1592705644583	522	473	entertainment	view
2020-06-20	1592705644583	null	73	movie	view
2020-06-20	1592705644583	null	642	international	view
2020-06-20	1592705644583	null	623	country	view
2020-06-20	1592705644583	409	849	movie	view
2020-06-20	1592705644583	988	414	tv-show	view
2020-06-20	1592705644583	678	229	car	view
2020-06-20	1592705644583	245	958	technology	view
2020-06-20	1592705644583	278	801	international	view
2020-06-20	1592705644583	925	970	sport	view
2020-06-20	1592705644583	992	576	car	view
2020-06-20	1592705644583	975	60	entertainment	view
2020-06-20	1592705644583	971	255	country	view
2020-06-20	1592705644583	136	341	country	view
2020-06-20	1592705644583	392	21	tv-show	view
2020-06-20	1592705644583	813	10	international	view
2020-06-20	1592705644583	930	396	international	view
2020-06-20	1592705644583	358	687	country	view
2020-06-20	1592705644583	679	318	country	view
2020-06-20	1592705644583	303	408	car	view
2020-06-20	1592705644583	6	944	movie	view
2020-06-20	1592705644583	139	402	movie	view
2020-06-20	1592705644583	192	753	tv-show	view
2020-06-20	1592705644583	369	822	carton	view
2020-06-20	1592705644583	752	11	internet	view
2020-06-20	1592705644583	null	961	movie	view
2020-06-20	1592705644583	563	773	entertainment	view
2020-06-20	1592705644583	272	909	tv-show	view
2020-06-20	1592705644583	266	477	technology	view
2020-06-20	1592705644583	4	298	technology	view
2020-06-20	1592705644583	265	986	entertainment	view
2020-06-20	1592705644583	689	158	carton	view
2020-06-20	1592705644583	431	878	internet	view
2020-06-20	1592705644583	null	522	entertainment	view
2020-06-20	1592705644583	586	163	international	view
2020-06-20	1592705644583	795	742	movie	view
2020-06-20	1592705644583	428	865	entertainment	view
2020-06-20	1592705644583	153	401	entertainment	view
2020-06-20	1592705644583	819	716	carton	view
2020-06-20	1592705644583	634	42	country	view
2020-06-20	1592705644583	381	844	internet	view
2020-06-20	1592705644583	673	599	technology	view
2020-06-20	1592705644583	796	434	tv-show	view
2020-06-20	1592705644583	253	290	car	view
2020-06-20	1592705644583	74	663	entertainment	view
2020-06-20	1592705644583	308	231	internet	view
2020-06-20	1592705644583	699	232	car	view
2020-06-20	1592705644583	506	523	carton	view
2020-06-20	1592705644583	255	892	car	view
2020-06-20	1592705644583	153	78	movie	view
2020-06-20	1592705644583	6	947	movie	view
2020-06-20	1592705644583	808	329	entertainment	view
2020-06-20	1592705644583	196	920	international	view
2020-06-20	1592705644583	999	144	internet	view
2020-06-20	1592705644583	900	448	sport	view
2020-06-20	1592705644583	190	249	car	view
2020-06-20	1592705644583	null	87	technology	view
2020-06-20	1592705644583	889	499	technology	view
2020-06-20	1592705644583	639	196	carton	view
2020-06-20	1592705644583	432	730	car	view
2020-06-20	1592705644583	null	236	entertainment	view
2020-06-20	1592705644583	284	657	internet	view
2020-06-20	1592705644583	488	696	country	view
2020-06-20	1592705644583	604	586	entertainment	view
2020-06-20	1592705644583	334	636	country	view
2020-06-20	1592705644583	552	757	movie	view
2020-06-20	1592705644583	null	696	sport	view
2020-06-20	1592705644583	798	199	movie	view
2020-06-20	1592705644583	177	393	international	view
2020-06-20	1592705644583	null	622	internet	view
2020-06-20	1592705644583	881	568	sport	view
2020-06-20	1592705644583	324	54	international	view
2020-06-20	1592705644583	227	773	car	view
2020-06-20	1592705644583	3	27	internet	view
2020-06-20	1592705644583	273	111	car	view
2020-06-20	1592705644583	259	823	technology	view
2020-06-20	1592705644583	9	441	entertainment	view
2020-06-20	1592705644583	438	403	carton	view
2020-06-20	1592705644583	137	789	tv-show	view
2020-06-20	1592705644583	443	628	movie	view
2020-06-20	1592705644583	820	138	internet	view
2020-06-20	1592705644583	959	353	carton	view
2020-06-20	1592705644583	null	158	entertainment	view
2020-06-20	1592705644583	450	755	movie	view
2020-06-20	1592705644583	226	53	sport	view
2020-06-20	1592705644583	471	19	sport	view
2020-06-20	1592705644583	305	872	carton	view
2020-06-20	1592705644583	null	703	international	view
2020-06-20	1592705644583	null	227	technology	view
2020-06-20	1592705644583	436	4	internet	view
2020-06-20	1592705644583	516	677	movie	view
2020-06-20	1592705644583	252	594	tv-show	view
2020-06-20	1592705644583	252	60	movie	view
2020-06-20	1592705644583	351	182	technology	view
2020-06-20	1592705644583	482	617	entertainment	view
2020-06-20	1592705644583	601	517	country	view
2020-06-20	1592705644583	177	236	entertainment	view
2020-06-20	1592705644583	904	340	car	view
2020-06-20	1592705644583	904	66	movie	view
2020-06-20	1592705644583	579	357	tv-show	view
2020-06-20	1592705644583	353	406	car	view
2020-06-20	1592705644583	604	114	international	view
2020-06-20	1592705644583	492	841	international	view
2020-06-20	1592705644583	null	255	movie	view
2020-06-20	1592705644583	784	328	carton	view
2020-06-20	1592705644583	392	144	car	view
2020-06-20	1592705644583	139	186	car	view
2020-06-20	1592705644583	164	96	country	view
2020-06-20	1592705644583	644	132	carton	view
2020-06-20	1592705644583	279	137	sport	view
2020-06-20	1592705644583	117	559	carton	view
2020-06-20	1592705644583	888	861	car	view
2020-06-20	1592705644583	null	525	sport	view
2020-06-20	1592705644583	222	625	internet	view
2020-06-20	1592705644583	null	871	car	view
2020-06-20	1592705644583	95	706	internet	view
2020-06-20	1592705644583	948	367	car	view
2020-06-20	1592705644583	null	317	technology	view
2020-06-20	1592705644583	768	393	entertainment	view
2020-06-20	1592705644583	501	291	sport	view
2020-06-20	1592705644583	null	766	country	view
2020-06-20	1592705644583	884	805	entertainment	view
2020-06-20	1592705644583	791	984	international	view
2020-06-20	1592705644583	887	431	carton	view
2020-06-20	1592705644583	537	5	movie	view
2020-06-20	1592705644583	846	462	movie	view
2020-06-20	1592705644583	791	343	internet	view
2020-06-20	1592705644583	709	690	car	view
2020-06-20	1592705644583	915	368	technology	view
2020-06-20	1592705644583	144	249	sport	view
2020-06-20	1592705644583	676	232	entertainment	view
2020-06-20	1592705644583	79	850	carton	view
2020-06-20	1592705644583	969	101	technology	view
2020-06-20	1592705644583	969	804	international	view
2020-06-20	1592705644583	45	64	car	view
2020-06-20	1592705644583	810	19	country	view
2020-06-20	1592705644583	241	590	international	view
2020-06-20	1592705644583	438	35	sport	view
2020-06-20	1592705644583	662	988	carton	view
2020-06-20	1592705644583	877	690	country	view
2020-06-20	1592705644583	50	562	international	view
2020-06-20	1592705644583	143	514	tv-show	view
2020-06-20	1592705644583	168	457	international	view
2020-06-20	1592705644583	143	780	country	view
2020-06-20	1592705644583	954	780	carton	view
2020-06-20	1592705644583	962	349	car	view
2020-06-20	1592705644583	56	562	internet	view
2020-06-20	1592705644583	606	940	tv-show	view
2020-06-20	1592705644583	152	746	carton	view
2020-06-20	1592705644583	949	585	technology	view
2020-06-20	1592705644583	654	332	country	view
2020-06-20	1592705644583	673	776	car	view
2020-06-20	1592705644583	122	438	technology	view
2020-06-20	1592705644583	103	780	entertainment	view
2020-06-20	1592705644583	167	61	technology	view
2020-06-20	1592705644583	null	766	carton	view
2020-06-20	1592705644583	326	239	technology	view
2020-06-20	1592705644583	395	711	tv-show	view
2020-06-20	1592705644583	null	809	country	view
2020-06-20	1592705644583	536	954	tv-show	view
2020-06-20	1592705644583	799	800	internet	view
2020-06-20	1592705644583	657	314	country	view
2020-06-20	1592705644583	81	371	carton	view
2020-06-20	1592705644583	628	661	international	view
2020-06-20	1592705644583	null	383	entertainment	view
2020-06-20	1592705644583	983	51	internet	view
2020-06-20	1592705644583	null	41	movie	view
2020-06-20	1592705644583	984	213	technology	view
2020-06-20	1592705644584	null	null	null	register
2020-06-20	1592705644584	null	null	null	register
2020-06-20	1592705644584	null	null	null	register
2020-06-20	1592705644584	null	null	null	register
2020-06-20	1592705644584	null	null	null	register
2020-06-20	1592705644584	null	null	null	register
2020-06-20	1592705644584	null	null	null	register
2020-06-20	1592705644584	null	null	null	register
2020-06-20	1592705644584	null	null	null	register
2020-06-20	1592705644584	null	null	null	register
